[0.368s] Invoking command in '/home/leyla/Desktop/camara_ws/src/py_pkg': PYTHONPATH=/home/leyla/Desktop/camara_ws/build/py_pkg/prefix_override:/usr/lib/python3/dist-packages/colcon_core/task/python/colcon_distutils_commands:/home/leyla/Desktop/camara_ws/install/py_pkg/lib/python3.10/site-packages:${PYTHONPATH} /usr/bin/python3 -W ignore:setup.py install is deprecated -W ignore:easy_install command is deprecated setup.py egg_info --egg-base ../../build/py_pkg build --build-base /home/leyla/Desktop/camara_ws/build/py_pkg/build install --record /home/leyla/Desktop/camara_ws/build/py_pkg/install.log --single-version-externally-managed install_data
[0.511s] running egg_info
[0.511s] writing ../../build/py_pkg/py_pkg.egg-info/PKG-INFO
[0.511s] writing dependency_links to ../../build/py_pkg/py_pkg.egg-info/dependency_links.txt
[0.511s] writing entry points to ../../build/py_pkg/py_pkg.egg-info/entry_points.txt
[0.511s] writing requirements to ../../build/py_pkg/py_pkg.egg-info/requires.txt
[0.511s] writing top-level names to ../../build/py_pkg/py_pkg.egg-info/top_level.txt
[0.512s] reading manifest file '../../build/py_pkg/py_pkg.egg-info/SOURCES.txt'
[0.521s] adding license file 'LICENSE'
[0.521s] writing manifest file '../../build/py_pkg/py_pkg.egg-info/SOURCES.txt'
[0.521s] running build
[0.521s] running build_py
[0.521s] running install
[0.521s] running install_lib
[0.522s] byte-compiling /home/leyla/Desktop/camara_ws/install/py_pkg/lib/python3.10/site-packages/py_pkg/image_sub.py to image_sub.cpython-310.pyc
[0.522s] running install_data
[0.522s] running install_egg_info
[0.523s]   File "/home/leyla/Desktop/camara_ws/install/py_pkg/lib/python3.10/site-packages/py_pkg/image_sub.py", line 43
[0.523s]     if __name__=='__main__'
[0.523s]                            ^
[0.523s] SyntaxError: expected ':'
[0.523s] 
[0.523s] removing '/home/leyla/Desktop/camara_ws/install/py_pkg/lib/python3.10/site-packages/py_pkg-0.0.0-py3.10.egg-info' (and everything under it)
[0.524s] Copying ../../build/py_pkg/py_pkg.egg-info to /home/leyla/Desktop/camara_ws/install/py_pkg/lib/python3.10/site-packages/py_pkg-0.0.0-py3.10.egg-info
[0.524s] running install_scripts
[0.537s] Installing sub script to /home/leyla/Desktop/camara_ws/install/py_pkg/lib/py_pkg
[0.537s] writing list of installed files to '/home/leyla/Desktop/camara_ws/build/py_pkg/install.log'
[0.550s] Invoked command in '/home/leyla/Desktop/camara_ws/src/py_pkg' returned '0': PYTHONPATH=/home/leyla/Desktop/camara_ws/build/py_pkg/prefix_override:/usr/lib/python3/dist-packages/colcon_core/task/python/colcon_distutils_commands:/home/leyla/Desktop/camara_ws/install/py_pkg/lib/python3.10/site-packages:${PYTHONPATH} /usr/bin/python3 -W ignore:setup.py install is deprecated -W ignore:easy_install command is deprecated setup.py egg_info --egg-base ../../build/py_pkg build --build-base /home/leyla/Desktop/camara_ws/build/py_pkg/build install --record /home/leyla/Desktop/camara_ws/build/py_pkg/install.log --single-version-externally-managed install_data
