[0.807s] Invoking command in '/home/leyla/Desktop/camara_ws/src/py_pkg': PYTHONPATH=/home/leyla/Desktop/camara_ws/build/py_pkg/prefix_override:/usr/lib/python3/dist-packages/colcon_core/task/python/colcon_distutils_commands:/home/leyla/Desktop/camara_ws/install/py_pkg/lib/python3.10/site-packages:${PYTHONPATH} /usr/bin/python3 -W ignore:setup.py install is deprecated -W ignore:easy_install command is deprecated setup.py egg_info --egg-base ../../build/py_pkg build --build-base /home/leyla/Desktop/camara_ws/build/py_pkg/build install --record /home/leyla/Desktop/camara_ws/build/py_pkg/install.log --single-version-externally-managed install_data
[1.071s] running egg_info
[1.072s] writing ../../build/py_pkg/py_pkg.egg-info/PKG-INFO
[1.082s] writing dependency_links to ../../build/py_pkg/py_pkg.egg-info/dependency_links.txt
[1.082s] writing entry points to ../../build/py_pkg/py_pkg.egg-info/entry_points.txt
[1.082s] writing requirements to ../../build/py_pkg/py_pkg.egg-info/requires.txt
[1.083s] writing top-level names to ../../build/py_pkg/py_pkg.egg-info/top_level.txt
[1.085s] reading manifest file '../../build/py_pkg/py_pkg.egg-info/SOURCES.txt'
[1.085s] adding license file 'LICENSE'
[1.086s] writing manifest file '../../build/py_pkg/py_pkg.egg-info/SOURCES.txt'
[1.086s] running build
[1.086s] running build_py
[1.087s] copying py_pkg/vel.py -> /home/leyla/Desktop/camara_ws/build/py_pkg/build/lib/py_pkg
[1.087s] running install
[1.088s] running install_lib
[1.089s] copying /home/leyla/Desktop/camara_ws/build/py_pkg/build/lib/py_pkg/vel.py -> /home/leyla/Desktop/camara_ws/install/py_pkg/lib/python3.10/site-packages/py_pkg
[1.090s] byte-compiling /home/leyla/Desktop/camara_ws/install/py_pkg/lib/python3.10/site-packages/py_pkg/vel.py to vel.cpython-310.pyc
[1.091s] running install_data
[1.092s] running install_egg_info
[1.094s] removing '/home/leyla/Desktop/camara_ws/install/py_pkg/lib/python3.10/site-packages/py_pkg-0.0.0-py3.10.egg-info' (and everything under it)
[1.094s] Copying ../../build/py_pkg/py_pkg.egg-info to /home/leyla/Desktop/camara_ws/install/py_pkg/lib/python3.10/site-packages/py_pkg-0.0.0-py3.10.egg-info
[1.095s] running install_scripts
[1.120s] Installing cal script to /home/leyla/Desktop/camara_ws/install/py_pkg/lib/py_pkg
[1.120s] Installing im_prof script to /home/leyla/Desktop/camara_ws/install/py_pkg/lib/py_pkg
[1.121s] Installing kd script to /home/leyla/Desktop/camara_ws/install/py_pkg/lib/py_pkg
[1.121s] Installing ki script to /home/leyla/Desktop/camara_ws/install/py_pkg/lib/py_pkg
[1.121s] Installing lidar script to /home/leyla/Desktop/camara_ws/install/py_pkg/lib/py_pkg
[1.121s] Installing sub script to /home/leyla/Desktop/camara_ws/install/py_pkg/lib/py_pkg
[1.121s] Installing vel script to /home/leyla/Desktop/camara_ws/install/py_pkg/lib/py_pkg
[1.121s] writing list of installed files to '/home/leyla/Desktop/camara_ws/build/py_pkg/install.log'
[1.149s] Invoked command in '/home/leyla/Desktop/camara_ws/src/py_pkg' returned '0': PYTHONPATH=/home/leyla/Desktop/camara_ws/build/py_pkg/prefix_override:/usr/lib/python3/dist-packages/colcon_core/task/python/colcon_distutils_commands:/home/leyla/Desktop/camara_ws/install/py_pkg/lib/python3.10/site-packages:${PYTHONPATH} /usr/bin/python3 -W ignore:setup.py install is deprecated -W ignore:easy_install command is deprecated setup.py egg_info --egg-base ../../build/py_pkg build --build-base /home/leyla/Desktop/camara_ws/build/py_pkg/build install --record /home/leyla/Desktop/camara_ws/build/py_pkg/install.log --single-version-externally-managed install_data
