[0.358s] Invoking command in '/home/leyla/Desktop/camara_ws/src/py_pkg': PYTHONPATH=/home/leyla/Desktop/camara_ws/build/py_pkg/prefix_override:/usr/lib/python3/dist-packages/colcon_core/task/python/colcon_distutils_commands:/home/leyla/Desktop/camara_ws/install/py_pkg/lib/python3.10/site-packages:${PYTHONPATH} /usr/bin/python3 -W ignore:setup.py install is deprecated -W ignore:easy_install command is deprecated setup.py egg_info --egg-base ../../build/py_pkg build --build-base /home/leyla/Desktop/camara_ws/build/py_pkg/build install --record /home/leyla/Desktop/camara_ws/build/py_pkg/install.log --single-version-externally-managed install_data
[0.489s] running egg_info
[0.489s] writing ../../build/py_pkg/py_pkg.egg-info/PKG-INFO
[0.489s] writing dependency_links to ../../build/py_pkg/py_pkg.egg-info/dependency_links.txt
[0.489s] writing entry points to ../../build/py_pkg/py_pkg.egg-info/entry_points.txt
[0.490s] writing requirements to ../../build/py_pkg/py_pkg.egg-info/requires.txt
[0.490s] writing top-level names to ../../build/py_pkg/py_pkg.egg-info/top_level.txt
[0.491s] reading manifest file '../../build/py_pkg/py_pkg.egg-info/SOURCES.txt'
[0.491s] adding license file 'LICENSE'
[0.491s] writing manifest file '../../build/py_pkg/py_pkg.egg-info/SOURCES.txt'
[0.491s] running build
[0.491s] running build_py
[0.491s] copying py_pkg/kinect_aruco.py -> /home/leyla/Desktop/camara_ws/build/py_pkg/build/lib/py_pkg
[0.492s] running install
[0.492s] running install_lib
[0.493s] copying /home/leyla/Desktop/camara_ws/build/py_pkg/build/lib/py_pkg/kinect_aruco.py -> /home/leyla/Desktop/camara_ws/install/py_pkg/lib/python3.10/site-packages/py_pkg
[0.493s] byte-compiling /home/leyla/Desktop/camara_ws/install/py_pkg/lib/python3.10/site-packages/py_pkg/kinect_aruco.py to kinect_aruco.cpython-310.pyc
[0.493s] running install_data
[0.493s] running install_egg_info
[0.495s] removing '/home/leyla/Desktop/camara_ws/install/py_pkg/lib/python3.10/site-packages/py_pkg-0.0.0-py3.10.egg-info' (and everything under it)
[0.495s] Copying ../../build/py_pkg/py_pkg.egg-info to /home/leyla/Desktop/camara_ws/install/py_pkg/lib/python3.10/site-packages/py_pkg-0.0.0-py3.10.egg-info
[0.495s] running install_scripts
[0.507s] Installing cal script to /home/leyla/Desktop/camara_ws/install/py_pkg/lib/py_pkg
[0.507s] Installing im_prof script to /home/leyla/Desktop/camara_ws/install/py_pkg/lib/py_pkg
[0.508s] Installing kd script to /home/leyla/Desktop/camara_ws/install/py_pkg/lib/py_pkg
[0.508s] Installing ki script to /home/leyla/Desktop/camara_ws/install/py_pkg/lib/py_pkg
[0.508s] Installing ki_aruco script to /home/leyla/Desktop/camara_ws/install/py_pkg/lib/py_pkg
[0.508s] Installing lidar script to /home/leyla/Desktop/camara_ws/install/py_pkg/lib/py_pkg
[0.508s] Installing sub script to /home/leyla/Desktop/camara_ws/install/py_pkg/lib/py_pkg
[0.508s] Installing vel script to /home/leyla/Desktop/camara_ws/install/py_pkg/lib/py_pkg
[0.508s] writing list of installed files to '/home/leyla/Desktop/camara_ws/build/py_pkg/install.log'
[0.524s] Invoked command in '/home/leyla/Desktop/camara_ws/src/py_pkg' returned '0': PYTHONPATH=/home/leyla/Desktop/camara_ws/build/py_pkg/prefix_override:/usr/lib/python3/dist-packages/colcon_core/task/python/colcon_distutils_commands:/home/leyla/Desktop/camara_ws/install/py_pkg/lib/python3.10/site-packages:${PYTHONPATH} /usr/bin/python3 -W ignore:setup.py install is deprecated -W ignore:easy_install command is deprecated setup.py egg_info --egg-base ../../build/py_pkg build --build-base /home/leyla/Desktop/camara_ws/build/py_pkg/build install --record /home/leyla/Desktop/camara_ws/build/py_pkg/install.log --single-version-externally-managed install_data
