[0.958s] Invoking command in '/home/leyla/Desktop/camara_ws/src/py_pkg': PYTHONPATH=/home/leyla/Desktop/camara_ws/build/py_pkg/prefix_override:/usr/lib/python3/dist-packages/colcon_core/task/python/colcon_distutils_commands:/home/leyla/Desktop/camara_ws/install/py_pkg/lib/python3.10/site-packages:${PYTHONPATH} /usr/bin/python3 -W ignore:setup.py install is deprecated -W ignore:easy_install command is deprecated setup.py egg_info --egg-base ../../build/py_pkg build --build-base /home/leyla/Desktop/camara_ws/build/py_pkg/build install --record /home/leyla/Desktop/camara_ws/build/py_pkg/install.log --single-version-externally-managed install_data
[1.323s] running egg_info
[1.324s] writing ../../build/py_pkg/py_pkg.egg-info/PKG-INFO
[1.324s] writing dependency_links to ../../build/py_pkg/py_pkg.egg-info/dependency_links.txt
[1.325s] writing entry points to ../../build/py_pkg/py_pkg.egg-info/entry_points.txt
[1.325s] writing requirements to ../../build/py_pkg/py_pkg.egg-info/requires.txt
[1.325s] writing top-level names to ../../build/py_pkg/py_pkg.egg-info/top_level.txt
[1.327s] reading manifest file '../../build/py_pkg/py_pkg.egg-info/SOURCES.txt'
[1.334s] adding license file 'LICENSE'
[1.335s] writing manifest file '../../build/py_pkg/py_pkg.egg-info/SOURCES.txt'
[1.336s] running build
[1.336s] running build_py
[1.336s] running install
[1.337s] running install_lib
[1.339s] running install_data
[1.339s] running install_egg_info
[1.342s] removing '/home/leyla/Desktop/camara_ws/install/py_pkg/lib/python3.10/site-packages/py_pkg-0.0.0-py3.10.egg-info' (and everything under it)
[1.342s] Copying ../../build/py_pkg/py_pkg.egg-info to /home/leyla/Desktop/camara_ws/install/py_pkg/lib/python3.10/site-packages/py_pkg-0.0.0-py3.10.egg-info
[1.343s] running install_scripts
[1.378s] Installing cal script to /home/leyla/Desktop/camara_ws/install/py_pkg/lib/py_pkg
[1.378s] Installing ki script to /home/leyla/Desktop/camara_ws/install/py_pkg/lib/py_pkg
[1.379s] Installing sub script to /home/leyla/Desktop/camara_ws/install/py_pkg/lib/py_pkg
[1.379s] writing list of installed files to '/home/leyla/Desktop/camara_ws/build/py_pkg/install.log'
[1.418s] Invoked command in '/home/leyla/Desktop/camara_ws/src/py_pkg' returned '0': PYTHONPATH=/home/leyla/Desktop/camara_ws/build/py_pkg/prefix_override:/usr/lib/python3/dist-packages/colcon_core/task/python/colcon_distutils_commands:/home/leyla/Desktop/camara_ws/install/py_pkg/lib/python3.10/site-packages:${PYTHONPATH} /usr/bin/python3 -W ignore:setup.py install is deprecated -W ignore:easy_install command is deprecated setup.py egg_info --egg-base ../../build/py_pkg build --build-base /home/leyla/Desktop/camara_ws/build/py_pkg/build install --record /home/leyla/Desktop/camara_ws/build/py_pkg/install.log --single-version-externally-managed install_data
