[0.356s] Invoking command in '/home/leyla/Desktop/camara_ws/src/py_pkg': PYTHONPATH=/home/leyla/Desktop/camara_ws/build/py_pkg/prefix_override:/usr/lib/python3/dist-packages/colcon_core/task/python/colcon_distutils_commands:/home/leyla/Desktop/camara_ws/install/py_pkg/lib/python3.10/site-packages:${PYTHONPATH} /usr/bin/python3 -W ignore:setup.py install is deprecated -W ignore:easy_install command is deprecated setup.py egg_info --egg-base ../../build/py_pkg build --build-base /home/leyla/Desktop/camara_ws/build/py_pkg/build install --record /home/leyla/Desktop/camara_ws/build/py_pkg/install.log --single-version-externally-managed install_data
[0.492s] running egg_info
[0.492s] writing ../../build/py_pkg/py_pkg.egg-info/PKG-INFO
[0.492s] writing dependency_links to ../../build/py_pkg/py_pkg.egg-info/dependency_links.txt
[0.492s] writing entry points to ../../build/py_pkg/py_pkg.egg-info/entry_points.txt
[0.492s] writing requirements to ../../build/py_pkg/py_pkg.egg-info/requires.txt
[0.492s] writing top-level names to ../../build/py_pkg/py_pkg.egg-info/top_level.txt
[0.493s] reading manifest file '../../build/py_pkg/py_pkg.egg-info/SOURCES.txt'
[0.493s] adding license file 'LICENSE'
[0.494s] writing manifest file '../../build/py_pkg/py_pkg.egg-info/SOURCES.txt'
[0.494s] running build
[0.494s] running build_py
[0.494s] copying py_pkg/p3_e2.py -> /home/leyla/Desktop/camara_ws/build/py_pkg/build/lib/py_pkg
[0.495s] copying py_pkg/dist_vel.py -> /home/leyla/Desktop/camara_ws/build/py_pkg/build/lib/py_pkg
[0.495s] copying py_pkg/vel.py -> /home/leyla/Desktop/camara_ws/build/py_pkg/build/lib/py_pkg
[0.496s] running install
[0.496s] running install_lib
[0.497s] copying /home/leyla/Desktop/camara_ws/build/py_pkg/build/lib/py_pkg/p3_e2.py -> /home/leyla/Desktop/camara_ws/install/py_pkg/lib/python3.10/site-packages/py_pkg
[0.497s] copying /home/leyla/Desktop/camara_ws/build/py_pkg/build/lib/py_pkg/dist_vel.py -> /home/leyla/Desktop/camara_ws/install/py_pkg/lib/python3.10/site-packages/py_pkg
[0.497s] copying /home/leyla/Desktop/camara_ws/build/py_pkg/build/lib/py_pkg/vel.py -> /home/leyla/Desktop/camara_ws/install/py_pkg/lib/python3.10/site-packages/py_pkg
[0.497s] byte-compiling /home/leyla/Desktop/camara_ws/install/py_pkg/lib/python3.10/site-packages/py_pkg/p3_e2.py to p3_e2.cpython-310.pyc
[0.498s] byte-compiling /home/leyla/Desktop/camara_ws/install/py_pkg/lib/python3.10/site-packages/py_pkg/dist_vel.py to dist_vel.cpython-310.pyc
[0.498s] byte-compiling /home/leyla/Desktop/camara_ws/install/py_pkg/lib/python3.10/site-packages/py_pkg/vel.py to vel.cpython-310.pyc
[0.499s] running install_data
[0.499s] running install_egg_info
[0.500s] removing '/home/leyla/Desktop/camara_ws/install/py_pkg/lib/python3.10/site-packages/py_pkg-0.0.0-py3.10.egg-info' (and everything under it)
[0.500s] Copying ../../build/py_pkg/py_pkg.egg-info to /home/leyla/Desktop/camara_ws/install/py_pkg/lib/python3.10/site-packages/py_pkg-0.0.0-py3.10.egg-info
[0.500s] running install_scripts
[0.513s] Installing cal script to /home/leyla/Desktop/camara_ws/install/py_pkg/lib/py_pkg
[0.513s] Installing dist_vel script to /home/leyla/Desktop/camara_ws/install/py_pkg/lib/py_pkg
[0.513s] Installing im_prof script to /home/leyla/Desktop/camara_ws/install/py_pkg/lib/py_pkg
[0.513s] Installing kd script to /home/leyla/Desktop/camara_ws/install/py_pkg/lib/py_pkg
[0.513s] Installing ki script to /home/leyla/Desktop/camara_ws/install/py_pkg/lib/py_pkg
[0.513s] Installing ki_aruco script to /home/leyla/Desktop/camara_ws/install/py_pkg/lib/py_pkg
[0.513s] Installing lidar script to /home/leyla/Desktop/camara_ws/install/py_pkg/lib/py_pkg
[0.513s] Installing p3_e2 script to /home/leyla/Desktop/camara_ws/install/py_pkg/lib/py_pkg
[0.513s] Installing sub script to /home/leyla/Desktop/camara_ws/install/py_pkg/lib/py_pkg
[0.513s] Installing vel script to /home/leyla/Desktop/camara_ws/install/py_pkg/lib/py_pkg
[0.513s] writing list of installed files to '/home/leyla/Desktop/camara_ws/build/py_pkg/install.log'
[0.528s] Invoked command in '/home/leyla/Desktop/camara_ws/src/py_pkg' returned '0': PYTHONPATH=/home/leyla/Desktop/camara_ws/build/py_pkg/prefix_override:/usr/lib/python3/dist-packages/colcon_core/task/python/colcon_distutils_commands:/home/leyla/Desktop/camara_ws/install/py_pkg/lib/python3.10/site-packages:${PYTHONPATH} /usr/bin/python3 -W ignore:setup.py install is deprecated -W ignore:easy_install command is deprecated setup.py egg_info --egg-base ../../build/py_pkg build --build-base /home/leyla/Desktop/camara_ws/build/py_pkg/build install --record /home/leyla/Desktop/camara_ws/build/py_pkg/install.log --single-version-externally-managed install_data
