[0.962s] Invoking command in '/home/leyla/Desktop/camara_ws/src/py_pkg': PYTHONPATH=/home/leyla/Desktop/camara_ws/build/py_pkg/prefix_override:/usr/lib/python3/dist-packages/colcon_core/task/python/colcon_distutils_commands:/home/leyla/Desktop/camara_ws/install/py_pkg/lib/python3.10/site-packages:${PYTHONPATH} /usr/bin/python3 -W ignore:setup.py install is deprecated -W ignore:easy_install command is deprecated setup.py egg_info --egg-base ../../build/py_pkg build --build-base /home/leyla/Desktop/camara_ws/build/py_pkg/build install --record /home/leyla/Desktop/camara_ws/build/py_pkg/install.log --single-version-externally-managed install_data
[1.353s] running egg_info
[1.354s] writing ../../build/py_pkg/py_pkg.egg-info/PKG-INFO
[1.354s] writing dependency_links to ../../build/py_pkg/py_pkg.egg-info/dependency_links.txt
[1.354s] writing entry points to ../../build/py_pkg/py_pkg.egg-info/entry_points.txt
[1.354s] writing requirements to ../../build/py_pkg/py_pkg.egg-info/requires.txt
[1.355s] writing top-level names to ../../build/py_pkg/py_pkg.egg-info/top_level.txt
[1.357s] reading manifest file '../../build/py_pkg/py_pkg.egg-info/SOURCES.txt'
[1.358s] adding license file 'LICENSE'
[1.359s] writing manifest file '../../build/py_pkg/py_pkg.egg-info/SOURCES.txt'
[1.359s] running build
[1.359s] running build_py
[1.359s] running install
[1.360s] running install_lib
[1.362s] running install_data
[1.362s] running install_egg_info
[1.364s] removing '/home/leyla/Desktop/camara_ws/install/py_pkg/lib/python3.10/site-packages/py_pkg-0.0.0-py3.10.egg-info' (and everything under it)
[1.365s] Copying ../../build/py_pkg/py_pkg.egg-info to /home/leyla/Desktop/camara_ws/install/py_pkg/lib/python3.10/site-packages/py_pkg-0.0.0-py3.10.egg-info
[1.366s] running install_scripts
[1.398s] Installing cal script to /home/leyla/Desktop/camara_ws/install/py_pkg/lib/py_pkg
[1.398s] Installing kd script to /home/leyla/Desktop/camara_ws/install/py_pkg/lib/py_pkg
[1.398s] Installing ki script to /home/leyla/Desktop/camara_ws/install/py_pkg/lib/py_pkg
[1.398s] Installing sub script to /home/leyla/Desktop/camara_ws/install/py_pkg/lib/py_pkg
[1.398s] writing list of installed files to '/home/leyla/Desktop/camara_ws/build/py_pkg/install.log'
[1.434s] Invoked command in '/home/leyla/Desktop/camara_ws/src/py_pkg' returned '0': PYTHONPATH=/home/leyla/Desktop/camara_ws/build/py_pkg/prefix_override:/usr/lib/python3/dist-packages/colcon_core/task/python/colcon_distutils_commands:/home/leyla/Desktop/camara_ws/install/py_pkg/lib/python3.10/site-packages:${PYTHONPATH} /usr/bin/python3 -W ignore:setup.py install is deprecated -W ignore:easy_install command is deprecated setup.py egg_info --egg-base ../../build/py_pkg build --build-base /home/leyla/Desktop/camara_ws/build/py_pkg/build install --record /home/leyla/Desktop/camara_ws/build/py_pkg/install.log --single-version-externally-managed install_data
