[0.187s] DEBUG:colcon:Command line arguments: ['/usr/bin/colcon', 'build']
[0.187s] DEBUG:colcon:Parsed command line arguments: Namespace(log_base=None, log_level=None, verb_name='build', build_base='build', install_base='install', merge_install=False, symlink_install=False, test_result_base=None, continue_on_error=False, executor='parallel', parallel_workers=20, event_handlers=None, ignore_user_meta=False, metas=['./colcon.meta'], base_paths=['.'], packages_ignore=None, packages_ignore_regex=None, paths=None, packages_up_to=None, packages_up_to_regex=None, packages_above=None, packages_above_and_dependencies=None, packages_above_depth=None, packages_select_by_dep=None, packages_skip_by_dep=None, packages_skip_up_to=None, packages_select_build_failed=False, packages_skip_build_finished=False, packages_select_test_failures=False, packages_skip_test_passed=False, packages_select=None, packages_skip=None, packages_select_regex=None, packages_skip_regex=None, packages_start=None, packages_end=None, allow_overriding=[], cmake_args=None, cmake_target=None, cmake_target_skip_unavailable=False, cmake_clean_cache=False, cmake_clean_first=False, cmake_force_configure=False, ament_cmake_args=None, catkin_cmake_args=None, catkin_skip_building_tests=False, verb_parser=<colcon_defaults.argument_parser.defaults.DefaultArgumentsDecorator object at 0x71ba3415e4a0>, verb_extension=<colcon_core.verb.build.BuildVerb object at 0x71ba3415d660>, main=<bound method BuildVerb.main of <colcon_core.verb.build.BuildVerb object at 0x71ba3415d660>>)
[0.418s] Level 1:colcon.colcon_core.package_discovery:discover_packages(colcon_meta) check parameters
[0.418s] Level 1:colcon.colcon_core.package_discovery:discover_packages(recursive) check parameters
[0.418s] Level 1:colcon.colcon_core.package_discovery:discover_packages(ignore) check parameters
[0.418s] Level 1:colcon.colcon_core.package_discovery:discover_packages(path) check parameters
[0.418s] Level 1:colcon.colcon_core.package_discovery:discover_packages(colcon_meta) discover
[0.418s] Level 1:colcon.colcon_core.package_discovery:discover_packages(recursive) discover
[0.418s] INFO:colcon.colcon_core.package_discovery:Crawling recursively for packages in '/home/leyla/Desktop/camara_ws'
[0.419s] Level 1:colcon.colcon_core.package_identification:_identify(.) by extensions ['ignore', 'ignore_ament_install']
[0.419s] Level 1:colcon.colcon_core.package_identification:_identify(.) by extension 'ignore'
[0.419s] Level 1:colcon.colcon_core.package_identification:_identify(.) by extension 'ignore_ament_install'
[0.419s] Level 1:colcon.colcon_core.package_identification:_identify(.) by extensions ['colcon_pkg']
[0.419s] Level 1:colcon.colcon_core.package_identification:_identify(.) by extension 'colcon_pkg'
[0.419s] Level 1:colcon.colcon_core.package_identification:_identify(.) by extensions ['colcon_meta']
[0.419s] Level 1:colcon.colcon_core.package_identification:_identify(.) by extension 'colcon_meta'
[0.419s] Level 1:colcon.colcon_core.package_identification:_identify(.) by extensions ['ros']
[0.419s] Level 1:colcon.colcon_core.package_identification:_identify(.) by extension 'ros'
[0.437s] Level 1:colcon.colcon_core.package_identification:_identify(.) by extensions ['cmake', 'python']
[0.437s] Level 1:colcon.colcon_core.package_identification:_identify(.) by extension 'cmake'
[0.437s] Level 1:colcon.colcon_core.package_identification:_identify(.) by extension 'python'
[0.437s] Level 1:colcon.colcon_core.package_identification:_identify(.) by extensions ['python_setup_py']
[0.437s] Level 1:colcon.colcon_core.package_identification:_identify(.) by extension 'python_setup_py'
[0.437s] Level 1:colcon.colcon_core.package_identification:_identify(build) by extensions ['ignore', 'ignore_ament_install']
[0.438s] Level 1:colcon.colcon_core.package_identification:_identify(build) by extension 'ignore'
[0.438s] Level 1:colcon.colcon_core.package_identification:_identify(build) ignored
[0.438s] Level 1:colcon.colcon_core.package_identification:_identify(install) by extensions ['ignore', 'ignore_ament_install']
[0.438s] Level 1:colcon.colcon_core.package_identification:_identify(install) by extension 'ignore'
[0.438s] Level 1:colcon.colcon_core.package_identification:_identify(install) ignored
[0.438s] Level 1:colcon.colcon_core.package_identification:_identify(log) by extensions ['ignore', 'ignore_ament_install']
[0.438s] Level 1:colcon.colcon_core.package_identification:_identify(log) by extension 'ignore'
[0.438s] Level 1:colcon.colcon_core.package_identification:_identify(log) ignored
[0.438s] Level 1:colcon.colcon_core.package_identification:_identify(src) by extensions ['ignore', 'ignore_ament_install']
[0.438s] Level 1:colcon.colcon_core.package_identification:_identify(src) by extension 'ignore'
[0.439s] Level 1:colcon.colcon_core.package_identification:_identify(src) by extension 'ignore_ament_install'
[0.439s] Level 1:colcon.colcon_core.package_identification:_identify(src) by extensions ['colcon_pkg']
[0.439s] Level 1:colcon.colcon_core.package_identification:_identify(src) by extension 'colcon_pkg'
[0.439s] Level 1:colcon.colcon_core.package_identification:_identify(src) by extensions ['colcon_meta']
[0.439s] Level 1:colcon.colcon_core.package_identification:_identify(src) by extension 'colcon_meta'
[0.439s] Level 1:colcon.colcon_core.package_identification:_identify(src) by extensions ['ros']
[0.439s] Level 1:colcon.colcon_core.package_identification:_identify(src) by extension 'ros'
[0.439s] Level 1:colcon.colcon_core.package_identification:_identify(src) by extensions ['cmake', 'python']
[0.439s] Level 1:colcon.colcon_core.package_identification:_identify(src) by extension 'cmake'
[0.439s] Level 1:colcon.colcon_core.package_identification:_identify(src) by extension 'python'
[0.439s] Level 1:colcon.colcon_core.package_identification:_identify(src) by extensions ['python_setup_py']
[0.439s] Level 1:colcon.colcon_core.package_identification:_identify(src) by extension 'python_setup_py'
[0.439s] Level 1:colcon.colcon_core.package_identification:_identify(src/py_pkg) by extensions ['ignore', 'ignore_ament_install']
[0.439s] Level 1:colcon.colcon_core.package_identification:_identify(src/py_pkg) by extension 'ignore'
[0.439s] Level 1:colcon.colcon_core.package_identification:_identify(src/py_pkg) by extension 'ignore_ament_install'
[0.439s] Level 1:colcon.colcon_core.package_identification:_identify(src/py_pkg) by extensions ['colcon_pkg']
[0.439s] Level 1:colcon.colcon_core.package_identification:_identify(src/py_pkg) by extension 'colcon_pkg'
[0.439s] Level 1:colcon.colcon_core.package_identification:_identify(src/py_pkg) by extensions ['colcon_meta']
[0.439s] Level 1:colcon.colcon_core.package_identification:_identify(src/py_pkg) by extension 'colcon_meta'
[0.440s] Level 1:colcon.colcon_core.package_identification:_identify(src/py_pkg) by extensions ['ros']
[0.440s] Level 1:colcon.colcon_core.package_identification:_identify(src/py_pkg) by extension 'ros'
[0.443s] DEBUG:colcon.colcon_core.package_identification:Package 'src/py_pkg' with type 'ros.ament_python' and name 'py_pkg'
[0.443s] Level 1:colcon.colcon_core.package_discovery:discover_packages(recursive) using defaults
[0.444s] Level 1:colcon.colcon_core.package_discovery:discover_packages(ignore) discover
[0.444s] Level 1:colcon.colcon_core.package_discovery:discover_packages(ignore) using defaults
[0.444s] Level 1:colcon.colcon_core.package_discovery:discover_packages(path) discover
[0.444s] Level 1:colcon.colcon_core.package_discovery:discover_packages(path) using defaults
[0.489s] Level 1:colcon.colcon_core.package_discovery:discover_packages(prefix_path) check parameters
[0.489s] Level 1:colcon.colcon_core.package_discovery:discover_packages(prefix_path) discover
[0.492s] DEBUG:colcon.colcon_installed_package_information.package_discovery:Found 1 installed packages in /home/leyla/Desktop/camara_ws/install
[0.493s] DEBUG:colcon.colcon_installed_package_information.package_discovery:Found 7 installed packages in /home/leyla/Desktop/ver_ws/install
[0.493s] DEBUG:colcon.colcon_installed_package_information.package_discovery:Found 2 installed packages in /home/leyla/Documents/ejercicio2_ws/install
[0.494s] DEBUG:colcon.colcon_installed_package_information.package_discovery:Found 3 installed packages in /home/leyla/Desktop/newvis_ws/install
[0.495s] DEBUG:colcon.colcon_installed_package_information.package_discovery:Found 12 installed packages in /home/leyla/turtlebot3_ws/install
[0.497s] DEBUG:colcon.colcon_installed_package_information.package_discovery:Found 433 installed packages in /opt/ros/humble
[0.501s] Level 1:colcon.colcon_core.package_discovery:discover_packages(prefix_path) using defaults
[0.568s] Level 5:colcon.colcon_core.verb:set package 'py_pkg' build argument 'cmake_args' from command line to 'None'
[0.569s] Level 5:colcon.colcon_core.verb:set package 'py_pkg' build argument 'cmake_target' from command line to 'None'
[0.569s] Level 5:colcon.colcon_core.verb:set package 'py_pkg' build argument 'cmake_target_skip_unavailable' from command line to 'False'
[0.569s] Level 5:colcon.colcon_core.verb:set package 'py_pkg' build argument 'cmake_clean_cache' from command line to 'False'
[0.569s] Level 5:colcon.colcon_core.verb:set package 'py_pkg' build argument 'cmake_clean_first' from command line to 'False'
[0.569s] Level 5:colcon.colcon_core.verb:set package 'py_pkg' build argument 'cmake_force_configure' from command line to 'False'
[0.569s] Level 5:colcon.colcon_core.verb:set package 'py_pkg' build argument 'ament_cmake_args' from command line to 'None'
[0.569s] Level 5:colcon.colcon_core.verb:set package 'py_pkg' build argument 'catkin_cmake_args' from command line to 'None'
[0.569s] Level 5:colcon.colcon_core.verb:set package 'py_pkg' build argument 'catkin_skip_building_tests' from command line to 'False'
[0.569s] DEBUG:colcon.colcon_core.verb:Building package 'py_pkg' with the following arguments: {'ament_cmake_args': None, 'build_base': '/home/leyla/Desktop/camara_ws/build/py_pkg', 'catkin_cmake_args': None, 'catkin_skip_building_tests': False, 'cmake_args': None, 'cmake_clean_cache': False, 'cmake_clean_first': False, 'cmake_force_configure': False, 'cmake_target': None, 'cmake_target_skip_unavailable': False, 'install_base': '/home/leyla/Desktop/camara_ws/install/py_pkg', 'merge_install': False, 'path': '/home/leyla/Desktop/camara_ws/src/py_pkg', 'symlink_install': False, 'test_result_base': None}
[0.569s] INFO:colcon.colcon_core.executor:Executing jobs using 'parallel' executor
[0.571s] DEBUG:colcon.colcon_parallel_executor.executor.parallel:run_until_complete
[0.571s] INFO:colcon.colcon_ros.task.ament_python.build:Building ROS package in '/home/leyla/Desktop/camara_ws/src/py_pkg' with build type 'ament_python'
[0.571s] Level 1:colcon.colcon_core.shell:create_environment_hook('py_pkg', 'ament_prefix_path')
[0.574s] INFO:colcon.colcon_core.plugin_system:Skipping extension 'colcon_core.shell.bat': Not used on non-Windows systems
[0.575s] INFO:colcon.colcon_core.shell:Creating environment hook '/home/leyla/Desktop/camara_ws/install/py_pkg/share/py_pkg/hook/ament_prefix_path.ps1'
[0.576s] INFO:colcon.colcon_core.shell:Creating environment descriptor '/home/leyla/Desktop/camara_ws/install/py_pkg/share/py_pkg/hook/ament_prefix_path.dsv'
[0.576s] INFO:colcon.colcon_core.shell:Creating environment hook '/home/leyla/Desktop/camara_ws/install/py_pkg/share/py_pkg/hook/ament_prefix_path.sh'
[0.577s] INFO:colcon.colcon_core.shell:Skip shell extension 'powershell' for command environment: Not usable outside of PowerShell
[0.577s] DEBUG:colcon.colcon_core.shell:Skip shell extension 'dsv' for command environment
[0.955s] INFO:colcon.colcon_core.task.python.build:Building Python package in '/home/leyla/Desktop/camara_ws/src/py_pkg'
[0.956s] INFO:colcon.colcon_core.shell:Skip shell extension 'powershell' for command environment: Not usable outside of PowerShell
[0.956s] DEBUG:colcon.colcon_core.shell:Skip shell extension 'dsv' for command environment
[1.534s] DEBUG:colcon.colcon_core.event_handler.log_command:Invoking command in '/home/leyla/Desktop/camara_ws/src/py_pkg': PYTHONPATH=/home/leyla/Desktop/camara_ws/build/py_pkg/prefix_override:/usr/lib/python3/dist-packages/colcon_core/task/python/colcon_distutils_commands:/home/leyla/Desktop/camara_ws/install/py_pkg/lib/python3.10/site-packages:${PYTHONPATH} /usr/bin/python3 -W ignore:setup.py install is deprecated -W ignore:easy_install command is deprecated setup.py egg_info --egg-base ../../build/py_pkg build --build-base /home/leyla/Desktop/camara_ws/build/py_pkg/build install --record /home/leyla/Desktop/camara_ws/build/py_pkg/install.log --single-version-externally-managed install_data
[2.006s] DEBUG:colcon.colcon_core.event_handler.log_command:Invoked command in '/home/leyla/Desktop/camara_ws/src/py_pkg' returned '0': PYTHONPATH=/home/leyla/Desktop/camara_ws/build/py_pkg/prefix_override:/usr/lib/python3/dist-packages/colcon_core/task/python/colcon_distutils_commands:/home/leyla/Desktop/camara_ws/install/py_pkg/lib/python3.10/site-packages:${PYTHONPATH} /usr/bin/python3 -W ignore:setup.py install is deprecated -W ignore:easy_install command is deprecated setup.py egg_info --egg-base ../../build/py_pkg build --build-base /home/leyla/Desktop/camara_ws/build/py_pkg/build install --record /home/leyla/Desktop/camara_ws/build/py_pkg/install.log --single-version-externally-managed install_data
[2.009s] Level 1:colcon.colcon_core.environment:checking '/home/leyla/Desktop/camara_ws/install/py_pkg' for CMake module files
[2.010s] Level 1:colcon.colcon_core.environment:checking '/home/leyla/Desktop/camara_ws/install/py_pkg' for CMake config files
[2.011s] Level 1:colcon.colcon_core.environment:checking '/home/leyla/Desktop/camara_ws/install/py_pkg/lib'
[2.011s] Level 1:colcon.colcon_core.environment:checking '/home/leyla/Desktop/camara_ws/install/py_pkg/bin'
[2.011s] Level 1:colcon.colcon_core.environment:checking '/home/leyla/Desktop/camara_ws/install/py_pkg/lib/pkgconfig/py_pkg.pc'
[2.012s] Level 1:colcon.colcon_core.environment:checking '/home/leyla/Desktop/camara_ws/install/py_pkg/lib/python3.10/site-packages'
[2.012s] Level 1:colcon.colcon_core.shell:create_environment_hook('py_pkg', 'pythonpath')
[2.012s] INFO:colcon.colcon_core.shell:Creating environment hook '/home/leyla/Desktop/camara_ws/install/py_pkg/share/py_pkg/hook/pythonpath.ps1'
[2.013s] INFO:colcon.colcon_core.shell:Creating environment descriptor '/home/leyla/Desktop/camara_ws/install/py_pkg/share/py_pkg/hook/pythonpath.dsv'
[2.013s] INFO:colcon.colcon_core.shell:Creating environment hook '/home/leyla/Desktop/camara_ws/install/py_pkg/share/py_pkg/hook/pythonpath.sh'
[2.014s] Level 1:colcon.colcon_core.environment:checking '/home/leyla/Desktop/camara_ws/install/py_pkg/bin'
[2.014s] Level 1:colcon.colcon_core.environment:create_environment_scripts_only(py_pkg)
[2.015s] INFO:colcon.colcon_core.shell:Creating package script '/home/leyla/Desktop/camara_ws/install/py_pkg/share/py_pkg/package.ps1'
[2.016s] INFO:colcon.colcon_core.shell:Creating package descriptor '/home/leyla/Desktop/camara_ws/install/py_pkg/share/py_pkg/package.dsv'
[2.017s] INFO:colcon.colcon_core.shell:Creating package script '/home/leyla/Desktop/camara_ws/install/py_pkg/share/py_pkg/package.sh'
[2.018s] INFO:colcon.colcon_core.shell:Creating package script '/home/leyla/Desktop/camara_ws/install/py_pkg/share/py_pkg/package.bash'
[2.019s] INFO:colcon.colcon_core.shell:Creating package script '/home/leyla/Desktop/camara_ws/install/py_pkg/share/py_pkg/package.zsh'
[2.020s] Level 1:colcon.colcon_core.environment:create_file_with_runtime_dependencies(/home/leyla/Desktop/camara_ws/install/py_pkg/share/colcon-core/packages/py_pkg)
[2.021s] DEBUG:colcon.colcon_parallel_executor.executor.parallel:closing loop
[2.022s] DEBUG:colcon.colcon_parallel_executor.executor.parallel:loop closed
[2.022s] DEBUG:colcon.colcon_parallel_executor.executor.parallel:run_until_complete finished with '0'
[2.022s] DEBUG:colcon.colcon_core.event_reactor:joining thread
[2.031s] INFO:colcon.colcon_core.plugin_system:Skipping extension 'colcon_notification.desktop_notification.terminal_notifier': Not used on non-Darwin systems
[2.032s] INFO:colcon.colcon_core.plugin_system:Skipping extension 'colcon_notification.desktop_notification.win32': Not used on non-Windows systems
[2.032s] INFO:colcon.colcon_notification.desktop_notification:Sending desktop notification using 'notify2'
[2.054s] DEBUG:colcon.colcon_core.event_reactor:joined thread
[2.054s] INFO:colcon.colcon_core.shell:Creating prefix script '/home/leyla/Desktop/camara_ws/install/local_setup.ps1'
[2.057s] INFO:colcon.colcon_core.shell:Creating prefix util module '/home/leyla/Desktop/camara_ws/install/_local_setup_util_ps1.py'
[2.059s] INFO:colcon.colcon_core.shell:Creating prefix chain script '/home/leyla/Desktop/camara_ws/install/setup.ps1'
[2.061s] INFO:colcon.colcon_core.shell:Creating prefix script '/home/leyla/Desktop/camara_ws/install/local_setup.sh'
[2.062s] INFO:colcon.colcon_core.shell:Creating prefix util module '/home/leyla/Desktop/camara_ws/install/_local_setup_util_sh.py'
[2.063s] INFO:colcon.colcon_core.shell:Creating prefix chain script '/home/leyla/Desktop/camara_ws/install/setup.sh'
[2.066s] INFO:colcon.colcon_core.shell:Creating prefix script '/home/leyla/Desktop/camara_ws/install/local_setup.bash'
[2.067s] INFO:colcon.colcon_core.shell:Creating prefix chain script '/home/leyla/Desktop/camara_ws/install/setup.bash'
[2.070s] INFO:colcon.colcon_core.shell:Creating prefix script '/home/leyla/Desktop/camara_ws/install/local_setup.zsh'
[2.071s] INFO:colcon.colcon_core.shell:Creating prefix chain script '/home/leyla/Desktop/camara_ws/install/setup.zsh'
