running egg_info
writing ../../build/py_pkg/py_pkg.egg-info/PKG-INFO
writing dependency_links to ../../build/py_pkg/py_pkg.egg-info/dependency_links.txt
writing entry points to ../../build/py_pkg/py_pkg.egg-info/entry_points.txt
writing requirements to ../../build/py_pkg/py_pkg.egg-info/requires.txt
writing top-level names to ../../build/py_pkg/py_pkg.egg-info/top_level.txt
reading manifest file '../../build/py_pkg/py_pkg.egg-info/SOURCES.txt'
adding license file 'LICENSE'
writing manifest file '../../build/py_pkg/py_pkg.egg-info/SOURCES.txt'
running build
running build_py
copying py_pkg/calibrar.py -> /home/leyla/Desktop/camara_ws/build/py_pkg/build/lib/py_pkg
copying py_pkg/kinect_d.py -> /home/leyla/Desktop/camara_ws/build/py_pkg/build/lib/py_pkg
running install
running install_lib
copying /home/leyla/Desktop/camara_ws/build/py_pkg/build/lib/py_pkg/calibrar.py -> /home/leyla/Desktop/camara_ws/install/py_pkg/lib/python3.10/site-packages/py_pkg
copying /home/leyla/Desktop/camara_ws/build/py_pkg/build/lib/py_pkg/kinect_d.py -> /home/leyla/Desktop/camara_ws/install/py_pkg/lib/python3.10/site-packages/py_pkg
byte-compiling /home/leyla/Desktop/camara_ws/install/py_pkg/lib/python3.10/site-packages/py_pkg/calibrar.py to calibrar.cpython-310.pyc
byte-compiling /home/leyla/Desktop/camara_ws/install/py_pkg/lib/python3.10/site-packages/py_pkg/kinect_d.py to kinect_d.cpython-310.pyc
running install_data
running install_egg_info
removing '/home/leyla/Desktop/camara_ws/install/py_pkg/lib/python3.10/site-packages/py_pkg-0.0.0-py3.10.egg-info' (and everything under it)
Copying ../../build/py_pkg/py_pkg.egg-info to /home/leyla/Desktop/camara_ws/install/py_pkg/lib/python3.10/site-packages/py_pkg-0.0.0-py3.10.egg-info
running install_scripts
Installing cal script to /home/leyla/Desktop/camara_ws/install/py_pkg/lib/py_pkg
Installing kd script to /home/leyla/Desktop/camara_ws/install/py_pkg/lib/py_pkg
Installing ki script to /home/leyla/Desktop/camara_ws/install/py_pkg/lib/py_pkg
Installing sub script to /home/leyla/Desktop/camara_ws/install/py_pkg/lib/py_pkg
writing list of installed files to '/home/leyla/Desktop/camara_ws/build/py_pkg/install.log'
