[0.921s] Invoking command in '/home/leyla/Desktop/camara_ws/src/py_pkg': PYTHONPATH=/home/leyla/Desktop/camara_ws/build/py_pkg/prefix_override:/usr/lib/python3/dist-packages/colcon_core/task/python/colcon_distutils_commands:/home/leyla/Desktop/camara_ws/install/py_pkg/lib/python3.10/site-packages:${PYTHONPATH} /usr/bin/python3 -W ignore:setup.py install is deprecated -W ignore:easy_install command is deprecated setup.py egg_info --egg-base ../../build/py_pkg build --build-base /home/leyla/Desktop/camara_ws/build/py_pkg/build install --record /home/leyla/Desktop/camara_ws/build/py_pkg/install.log --single-version-externally-managed install_data
[1.282s] running egg_info
[1.283s] writing ../../build/py_pkg/py_pkg.egg-info/PKG-INFO
[1.283s] writing dependency_links to ../../build/py_pkg/py_pkg.egg-info/dependency_links.txt
[1.283s] writing entry points to ../../build/py_pkg/py_pkg.egg-info/entry_points.txt
[1.283s] writing requirements to ../../build/py_pkg/py_pkg.egg-info/requires.txt
[1.284s] writing top-level names to ../../build/py_pkg/py_pkg.egg-info/top_level.txt
[1.286s] reading manifest file '../../build/py_pkg/py_pkg.egg-info/SOURCES.txt'
[1.292s] adding license file 'LICENSE'
[1.293s] writing manifest file '../../build/py_pkg/py_pkg.egg-info/SOURCES.txt'
[1.294s] running build
[1.294s] running build_py
[1.294s] copying py_pkg/calibrar.py -> /home/leyla/Desktop/camara_ws/build/py_pkg/build/lib/py_pkg
[1.294s] copying py_pkg/kinect_d.py -> /home/leyla/Desktop/camara_ws/build/py_pkg/build/lib/py_pkg
[1.294s] running install
[1.295s] running install_lib
[1.296s] copying /home/leyla/Desktop/camara_ws/build/py_pkg/build/lib/py_pkg/calibrar.py -> /home/leyla/Desktop/camara_ws/install/py_pkg/lib/python3.10/site-packages/py_pkg
[1.296s] copying /home/leyla/Desktop/camara_ws/build/py_pkg/build/lib/py_pkg/kinect_d.py -> /home/leyla/Desktop/camara_ws/install/py_pkg/lib/python3.10/site-packages/py_pkg
[1.297s] byte-compiling /home/leyla/Desktop/camara_ws/install/py_pkg/lib/python3.10/site-packages/py_pkg/calibrar.py to calibrar.cpython-310.pyc
[1.298s] byte-compiling /home/leyla/Desktop/camara_ws/install/py_pkg/lib/python3.10/site-packages/py_pkg/kinect_d.py to kinect_d.cpython-310.pyc
[1.299s] running install_data
[1.299s] running install_egg_info
[1.301s] removing '/home/leyla/Desktop/camara_ws/install/py_pkg/lib/python3.10/site-packages/py_pkg-0.0.0-py3.10.egg-info' (and everything under it)
[1.301s] Copying ../../build/py_pkg/py_pkg.egg-info to /home/leyla/Desktop/camara_ws/install/py_pkg/lib/python3.10/site-packages/py_pkg-0.0.0-py3.10.egg-info
[1.302s] running install_scripts
[1.335s] Installing cal script to /home/leyla/Desktop/camara_ws/install/py_pkg/lib/py_pkg
[1.335s] Installing kd script to /home/leyla/Desktop/camara_ws/install/py_pkg/lib/py_pkg
[1.335s] Installing ki script to /home/leyla/Desktop/camara_ws/install/py_pkg/lib/py_pkg
[1.336s] Installing sub script to /home/leyla/Desktop/camara_ws/install/py_pkg/lib/py_pkg
[1.336s] writing list of installed files to '/home/leyla/Desktop/camara_ws/build/py_pkg/install.log'
[1.370s] Invoked command in '/home/leyla/Desktop/camara_ws/src/py_pkg' returned '0': PYTHONPATH=/home/leyla/Desktop/camara_ws/build/py_pkg/prefix_override:/usr/lib/python3/dist-packages/colcon_core/task/python/colcon_distutils_commands:/home/leyla/Desktop/camara_ws/install/py_pkg/lib/python3.10/site-packages:${PYTHONPATH} /usr/bin/python3 -W ignore:setup.py install is deprecated -W ignore:easy_install command is deprecated setup.py egg_info --egg-base ../../build/py_pkg build --build-base /home/leyla/Desktop/camara_ws/build/py_pkg/build install --record /home/leyla/Desktop/camara_ws/build/py_pkg/install.log --single-version-externally-managed install_data
