/home/leyla/Desktop/camara_ws/install/py_pkg/lib/python3.10/site-packages/py_pkg/__init__.py
/home/leyla/Desktop/camara_ws/install/py_pkg/lib/python3.10/site-packages/py_pkg/p3_e2.py
/home/leyla/Desktop/camara_ws/install/py_pkg/lib/python3.10/site-packages/py_pkg/calibrar.py
/home/leyla/Desktop/camara_ws/install/py_pkg/lib/python3.10/site-packages/py_pkg/kinect.py
/home/leyla/Desktop/camara_ws/install/py_pkg/lib/python3.10/site-packages/py_pkg/image_sub.py
/home/leyla/Desktop/camara_ws/install/py_pkg/lib/python3.10/site-packages/py_pkg/lidar.py
/home/leyla/Desktop/camara_ws/install/py_pkg/lib/python3.10/site-packages/py_pkg/kinect_d.py
/home/leyla/Desktop/camara_ws/install/py_pkg/lib/python3.10/site-packages/py_pkg/kinect_aruco.py
/home/leyla/Desktop/camara_ws/install/py_pkg/lib/python3.10/site-packages/py_pkg/im_prof.py
/home/leyla/Desktop/camara_ws/install/py_pkg/lib/python3.10/site-packages/py_pkg/dist_vel.py
/home/leyla/Desktop/camara_ws/install/py_pkg/lib/python3.10/site-packages/py_pkg/vel.py
/home/leyla/Desktop/camara_ws/install/py_pkg/lib/python3.10/site-packages/py_pkg/__pycache__/__init__.cpython-310.pyc
/home/leyla/Desktop/camara_ws/install/py_pkg/lib/python3.10/site-packages/py_pkg/__pycache__/p3_e2.cpython-310.pyc
/home/leyla/Desktop/camara_ws/install/py_pkg/lib/python3.10/site-packages/py_pkg/__pycache__/calibrar.cpython-310.pyc
/home/leyla/Desktop/camara_ws/install/py_pkg/lib/python3.10/site-packages/py_pkg/__pycache__/kinect.cpython-310.pyc
/home/leyla/Desktop/camara_ws/install/py_pkg/lib/python3.10/site-packages/py_pkg/__pycache__/image_sub.cpython-310.pyc
/home/leyla/Desktop/camara_ws/install/py_pkg/lib/python3.10/site-packages/py_pkg/__pycache__/lidar.cpython-310.pyc
/home/leyla/Desktop/camara_ws/install/py_pkg/lib/python3.10/site-packages/py_pkg/__pycache__/kinect_d.cpython-310.pyc
/home/leyla/Desktop/camara_ws/install/py_pkg/lib/python3.10/site-packages/py_pkg/__pycache__/kinect_aruco.cpython-310.pyc
/home/leyla/Desktop/camara_ws/install/py_pkg/lib/python3.10/site-packages/py_pkg/__pycache__/im_prof.cpython-310.pyc
/home/leyla/Desktop/camara_ws/install/py_pkg/lib/python3.10/site-packages/py_pkg/__pycache__/dist_vel.cpython-310.pyc
/home/leyla/Desktop/camara_ws/install/py_pkg/lib/python3.10/site-packages/py_pkg/__pycache__/vel.cpython-310.pyc
/home/leyla/Desktop/camara_ws/install/py_pkg/share/ament_index/resource_index/packages/py_pkg
/home/leyla/Desktop/camara_ws/install/py_pkg/share/py_pkg/package.xml
/home/leyla/Desktop/camara_ws/install/py_pkg/lib/python3.10/site-packages/py_pkg-0.0.0-py3.10.egg-info/entry_points.txt
/home/leyla/Desktop/camara_ws/install/py_pkg/lib/python3.10/site-packages/py_pkg-0.0.0-py3.10.egg-info/SOURCES.txt
/home/leyla/Desktop/camara_ws/install/py_pkg/lib/python3.10/site-packages/py_pkg-0.0.0-py3.10.egg-info/dependency_links.txt
/home/leyla/Desktop/camara_ws/install/py_pkg/lib/python3.10/site-packages/py_pkg-0.0.0-py3.10.egg-info/PKG-INFO
/home/leyla/Desktop/camara_ws/install/py_pkg/lib/python3.10/site-packages/py_pkg-0.0.0-py3.10.egg-info/zip-safe
/home/leyla/Desktop/camara_ws/install/py_pkg/lib/python3.10/site-packages/py_pkg-0.0.0-py3.10.egg-info/top_level.txt
/home/leyla/Desktop/camara_ws/install/py_pkg/lib/python3.10/site-packages/py_pkg-0.0.0-py3.10.egg-info/requires.txt
/home/leyla/Desktop/camara_ws/install/py_pkg/lib/py_pkg/cal
/home/leyla/Desktop/camara_ws/install/py_pkg/lib/py_pkg/dist_vel
/home/leyla/Desktop/camara_ws/install/py_pkg/lib/py_pkg/im_prof
/home/leyla/Desktop/camara_ws/install/py_pkg/lib/py_pkg/kd
/home/leyla/Desktop/camara_ws/install/py_pkg/lib/py_pkg/ki
/home/leyla/Desktop/camara_ws/install/py_pkg/lib/py_pkg/ki_aruco
/home/leyla/Desktop/camara_ws/install/py_pkg/lib/py_pkg/lidar
/home/leyla/Desktop/camara_ws/install/py_pkg/lib/py_pkg/p3_e2
/home/leyla/Desktop/camara_ws/install/py_pkg/lib/py_pkg/sub
/home/leyla/Desktop/camara_ws/install/py_pkg/lib/py_pkg/vel
