[0.616s] Invoking command in '/home/leyla/Desktop/camara_ws/src/py_pkg': PYTHONPATH=/home/leyla/Desktop/camara_ws/build/py_pkg/prefix_override:/usr/lib/python3/dist-packages/colcon_core/task/python/colcon_distutils_commands:/home/leyla/Desktop/camara_ws/install/py_pkg/lib/python3.10/site-packages:${PYTHONPATH} /usr/bin/python3 -W ignore:setup.py install is deprecated -W ignore:easy_install command is deprecated setup.py egg_info --egg-base ../../build/py_pkg build --build-base /home/leyla/Desktop/camara_ws/build/py_pkg/build install --record /home/leyla/Desktop/camara_ws/build/py_pkg/install.log --single-version-externally-managed install_data
[0.841s] running egg_info
[0.841s] writing ../../build/py_pkg/py_pkg.egg-info/PKG-INFO
[0.842s] writing dependency_links to ../../build/py_pkg/py_pkg.egg-info/dependency_links.txt
[0.842s] writing entry points to ../../build/py_pkg/py_pkg.egg-info/entry_points.txt
[0.842s] writing requirements to ../../build/py_pkg/py_pkg.egg-info/requires.txt
[0.842s] writing top-level names to ../../build/py_pkg/py_pkg.egg-info/top_level.txt
[0.843s] reading manifest file '../../build/py_pkg/py_pkg.egg-info/SOURCES.txt'
[0.851s] adding license file 'LICENSE'
[0.852s] writing manifest file '../../build/py_pkg/py_pkg.egg-info/SOURCES.txt'
[0.852s] running build
[0.852s] running build_py
[0.853s] running install
[0.853s] running install_lib
[0.855s] running install_data
[0.855s] running install_egg_info
[0.858s] removing '/home/leyla/Desktop/camara_ws/install/py_pkg/lib/python3.10/site-packages/py_pkg-0.0.0-py3.10.egg-info' (and everything under it)
[0.858s] Copying ../../build/py_pkg/py_pkg.egg-info to /home/leyla/Desktop/camara_ws/install/py_pkg/lib/python3.10/site-packages/py_pkg-0.0.0-py3.10.egg-info
[0.859s] running install_scripts
[0.879s] Installing cal script to /home/leyla/Desktop/camara_ws/install/py_pkg/lib/py_pkg
[0.879s] Installing ki script to /home/leyla/Desktop/camara_ws/install/py_pkg/lib/py_pkg
[0.879s] Installing sub script to /home/leyla/Desktop/camara_ws/install/py_pkg/lib/py_pkg
[0.880s] writing list of installed files to '/home/leyla/Desktop/camara_ws/build/py_pkg/install.log'
[0.899s] Invoked command in '/home/leyla/Desktop/camara_ws/src/py_pkg' returned '0': PYTHONPATH=/home/leyla/Desktop/camara_ws/build/py_pkg/prefix_override:/usr/lib/python3/dist-packages/colcon_core/task/python/colcon_distutils_commands:/home/leyla/Desktop/camara_ws/install/py_pkg/lib/python3.10/site-packages:${PYTHONPATH} /usr/bin/python3 -W ignore:setup.py install is deprecated -W ignore:easy_install command is deprecated setup.py egg_info --egg-base ../../build/py_pkg build --build-base /home/leyla/Desktop/camara_ws/build/py_pkg/build install --record /home/leyla/Desktop/camara_ws/build/py_pkg/install.log --single-version-externally-managed install_data
