[0.385s] Invoking command in '/home/leyla/Desktop/camara_ws/src/py_pkg': PYTHONPATH=/home/leyla/Desktop/camara_ws/build/py_pkg/prefix_override:/usr/lib/python3/dist-packages/colcon_core/task/python/colcon_distutils_commands:/home/leyla/Desktop/camara_ws/install/py_pkg/lib/python3.10/site-packages:${PYTHONPATH} /usr/bin/python3 -W ignore:setup.py install is deprecated -W ignore:easy_install command is deprecated setup.py egg_info --egg-base ../../build/py_pkg build --build-base /home/leyla/Desktop/camara_ws/build/py_pkg/build install --record /home/leyla/Desktop/camara_ws/build/py_pkg/install.log --single-version-externally-managed install_data
[0.510s] running egg_info
[0.510s] writing ../../build/py_pkg/py_pkg.egg-info/PKG-INFO
[0.510s] writing dependency_links to ../../build/py_pkg/py_pkg.egg-info/dependency_links.txt
[0.510s] writing entry points to ../../build/py_pkg/py_pkg.egg-info/entry_points.txt
[0.510s] writing requirements to ../../build/py_pkg/py_pkg.egg-info/requires.txt
[0.510s] writing top-level names to ../../build/py_pkg/py_pkg.egg-info/top_level.txt
[0.511s] reading manifest file '../../build/py_pkg/py_pkg.egg-info/SOURCES.txt'
[0.511s] adding license file 'LICENSE'
[0.512s] writing manifest file '../../build/py_pkg/py_pkg.egg-info/SOURCES.txt'
[0.512s] running build
[0.512s] running build_py
[0.512s] running install
[0.512s] running install_lib
[0.513s] running install_data
[0.513s] running install_egg_info
[0.515s] removing '/home/leyla/Desktop/camara_ws/install/py_pkg/lib/python3.10/site-packages/py_pkg-0.0.0-py3.10.egg-info' (and everything under it)
[0.515s] Copying ../../build/py_pkg/py_pkg.egg-info to /home/leyla/Desktop/camara_ws/install/py_pkg/lib/python3.10/site-packages/py_pkg-0.0.0-py3.10.egg-info
[0.515s] running install_scripts
[0.526s] Installing cal script to /home/leyla/Desktop/camara_ws/install/py_pkg/lib/py_pkg
[0.526s] Installing dist_vel script to /home/leyla/Desktop/camara_ws/install/py_pkg/lib/py_pkg
[0.526s] Installing im_prof script to /home/leyla/Desktop/camara_ws/install/py_pkg/lib/py_pkg
[0.526s] Installing kd script to /home/leyla/Desktop/camara_ws/install/py_pkg/lib/py_pkg
[0.526s] Installing ki script to /home/leyla/Desktop/camara_ws/install/py_pkg/lib/py_pkg
[0.526s] Installing ki_aruco script to /home/leyla/Desktop/camara_ws/install/py_pkg/lib/py_pkg
[0.526s] Installing lidar script to /home/leyla/Desktop/camara_ws/install/py_pkg/lib/py_pkg
[0.526s] Installing p3_e2 script to /home/leyla/Desktop/camara_ws/install/py_pkg/lib/py_pkg
[0.526s] Installing sub script to /home/leyla/Desktop/camara_ws/install/py_pkg/lib/py_pkg
[0.526s] Installing vel script to /home/leyla/Desktop/camara_ws/install/py_pkg/lib/py_pkg
[0.526s] writing list of installed files to '/home/leyla/Desktop/camara_ws/build/py_pkg/install.log'
[0.538s] Invoked command in '/home/leyla/Desktop/camara_ws/src/py_pkg' returned '0': PYTHONPATH=/home/leyla/Desktop/camara_ws/build/py_pkg/prefix_override:/usr/lib/python3/dist-packages/colcon_core/task/python/colcon_distutils_commands:/home/leyla/Desktop/camara_ws/install/py_pkg/lib/python3.10/site-packages:${PYTHONPATH} /usr/bin/python3 -W ignore:setup.py install is deprecated -W ignore:easy_install command is deprecated setup.py egg_info --egg-base ../../build/py_pkg build --build-base /home/leyla/Desktop/camara_ws/build/py_pkg/build install --record /home/leyla/Desktop/camara_ws/build/py_pkg/install.log --single-version-externally-managed install_data
