running egg_info
creating ../../build/py_pkg/py_pkg.egg-info
writing ../../build/py_pkg/py_pkg.egg-info/PKG-INFO
writing dependency_links to ../../build/py_pkg/py_pkg.egg-info/dependency_links.txt
writing entry points to ../../build/py_pkg/py_pkg.egg-info/entry_points.txt
writing requirements to ../../build/py_pkg/py_pkg.egg-info/requires.txt
writing top-level names to ../../build/py_pkg/py_pkg.egg-info/top_level.txt
writing manifest file '../../build/py_pkg/py_pkg.egg-info/SOURCES.txt'
reading manifest file '../../build/py_pkg/py_pkg.egg-info/SOURCES.txt'
adding license file 'LICENSE'
writing manifest file '../../build/py_pkg/py_pkg.egg-info/SOURCES.txt'
running build
running build_py
creating /home/leyla/Desktop/camara_ws/build/py_pkg/build
creating /home/leyla/Desktop/camara_ws/build/py_pkg/build/lib
creating /home/leyla/Desktop/camara_ws/build/py_pkg/build/lib/py_pkg
copying py_pkg/__init__.py -> /home/leyla/Desktop/camara_ws/build/py_pkg/build/lib/py_pkg
copying py_pkg/image_sub.py -> /home/leyla/Desktop/camara_ws/build/py_pkg/build/lib/py_pkg
running install
running install_lib
creating /home/leyla/Desktop/camara_ws/install/py_pkg/lib/python3.10/site-packages/py_pkg
copying /home/leyla/Desktop/camara_ws/build/py_pkg/build/lib/py_pkg/__init__.py -> /home/leyla/Desktop/camara_ws/install/py_pkg/lib/python3.10/site-packages/py_pkg
copying /home/leyla/Desktop/camara_ws/build/py_pkg/build/lib/py_pkg/image_sub.py -> /home/leyla/Desktop/camara_ws/install/py_pkg/lib/python3.10/site-packages/py_pkg
byte-compiling /home/leyla/Desktop/camara_ws/install/py_pkg/lib/python3.10/site-packages/py_pkg/__init__.py to __init__.cpython-310.pyc
byte-compiling /home/leyla/Desktop/camara_ws/install/py_pkg/lib/python3.10/site-packages/py_pkg/image_sub.py to image_sub.cpython-310.pyc
running install_data
creating /home/leyla/Desktop/camara_ws/install/py_pkg/share/ament_index
creating /home/leyla/Desktop/camara_ws/install/py_pkg/share/ament_index/resource_index
creating /home/leyla/Desktop/camara_ws/install/py_pkg/share/ament_index/resource_index/packages
copying resource/py_pkg -> /home/leyla/Desktop/camara_ws/install/py_pkg/share/ament_index/resource_index/packages
copying package.xml -> /home/leyla/Desktop/camara_ws/install/py_pkg/share/py_pkg
running install_egg_info
Copying ../../build/py_pkg/py_pkg.egg-info to /home/leyla/Desktop/camara_ws/install/py_pkg/lib/python3.10/site-packages/py_pkg-0.0.0-py3.10.egg-info
running install_scripts
Installing sub script to /home/leyla/Desktop/camara_ws/install/py_pkg/lib/py_pkg
writing list of installed files to '/home/leyla/Desktop/camara_ws/build/py_pkg/install.log'
