[0.399s] Invoking command in '/home/leyla/Desktop/camara_ws/src/py_pkg': PYTHONPATH=/home/leyla/Desktop/camara_ws/build/py_pkg/prefix_override:/usr/lib/python3/dist-packages/colcon_core/task/python/colcon_distutils_commands:/home/leyla/Desktop/camara_ws/install/py_pkg/lib/python3.10/site-packages:${PYTHONPATH} /usr/bin/python3 -W ignore:setup.py install is deprecated -W ignore:easy_install command is deprecated setup.py egg_info --egg-base ../../build/py_pkg build --build-base /home/leyla/Desktop/camara_ws/build/py_pkg/build install --record /home/leyla/Desktop/camara_ws/build/py_pkg/install.log --single-version-externally-managed install_data
[0.538s] running egg_info
[0.538s] creating ../../build/py_pkg/py_pkg.egg-info
[0.538s] writing ../../build/py_pkg/py_pkg.egg-info/PKG-INFO
[0.538s] writing dependency_links to ../../build/py_pkg/py_pkg.egg-info/dependency_links.txt
[0.538s] writing entry points to ../../build/py_pkg/py_pkg.egg-info/entry_points.txt
[0.538s] writing requirements to ../../build/py_pkg/py_pkg.egg-info/requires.txt
[0.538s] writing top-level names to ../../build/py_pkg/py_pkg.egg-info/top_level.txt
[0.538s] writing manifest file '../../build/py_pkg/py_pkg.egg-info/SOURCES.txt'
[0.539s] reading manifest file '../../build/py_pkg/py_pkg.egg-info/SOURCES.txt'
[0.539s] adding license file 'LICENSE'
[0.540s] writing manifest file '../../build/py_pkg/py_pkg.egg-info/SOURCES.txt'
[0.540s] running build
[0.540s] running build_py
[0.540s] creating /home/leyla/Desktop/camara_ws/build/py_pkg/build
[0.540s] creating /home/leyla/Desktop/camara_ws/build/py_pkg/build/lib
[0.540s] creating /home/leyla/Desktop/camara_ws/build/py_pkg/build/lib/py_pkg
[0.540s] copying py_pkg/__init__.py -> /home/leyla/Desktop/camara_ws/build/py_pkg/build/lib/py_pkg
[0.540s] copying py_pkg/image_sub.py -> /home/leyla/Desktop/camara_ws/build/py_pkg/build/lib/py_pkg
[0.540s] running install
[0.540s] running install_lib
[0.541s] creating /home/leyla/Desktop/camara_ws/install/py_pkg/lib/python3.10/site-packages/py_pkg
[0.541s] copying /home/leyla/Desktop/camara_ws/build/py_pkg/build/lib/py_pkg/__init__.py -> /home/leyla/Desktop/camara_ws/install/py_pkg/lib/python3.10/site-packages/py_pkg
[0.541s] copying /home/leyla/Desktop/camara_ws/build/py_pkg/build/lib/py_pkg/image_sub.py -> /home/leyla/Desktop/camara_ws/install/py_pkg/lib/python3.10/site-packages/py_pkg
[0.541s] byte-compiling /home/leyla/Desktop/camara_ws/install/py_pkg/lib/python3.10/site-packages/py_pkg/__init__.py to __init__.cpython-310.pyc
[0.541s] byte-compiling /home/leyla/Desktop/camara_ws/install/py_pkg/lib/python3.10/site-packages/py_pkg/image_sub.py to image_sub.cpython-310.pyc
[0.541s] running install_data
[0.542s] creating /home/leyla/Desktop/camara_ws/install/py_pkg/share/ament_index
[0.542s] creating /home/leyla/Desktop/camara_ws/install/py_pkg/share/ament_index/resource_index
[0.542s] creating /home/leyla/Desktop/camara_ws/install/py_pkg/share/ament_index/resource_index/packages
[0.542s]   File "/home/leyla/Desktop/camara_ws/install/py_pkg/lib/python3.10/site-packages/py_pkg/image_sub.py", line 43
[0.542s]     if __name__=='__main__'
[0.542s]                            ^
[0.542s] SyntaxError: expected ':'
[0.542s] 
[0.542s] copying resource/py_pkg -> /home/leyla/Desktop/camara_ws/install/py_pkg/share/ament_index/resource_index/packages
[0.542s] copying package.xml -> /home/leyla/Desktop/camara_ws/install/py_pkg/share/py_pkg
[0.542s] running install_egg_info
[0.543s] Copying ../../build/py_pkg/py_pkg.egg-info to /home/leyla/Desktop/camara_ws/install/py_pkg/lib/python3.10/site-packages/py_pkg-0.0.0-py3.10.egg-info
[0.543s] running install_scripts
[0.556s] Installing sub script to /home/leyla/Desktop/camara_ws/install/py_pkg/lib/py_pkg
[0.556s] writing list of installed files to '/home/leyla/Desktop/camara_ws/build/py_pkg/install.log'
[0.568s] Invoked command in '/home/leyla/Desktop/camara_ws/src/py_pkg' returned '0': PYTHONPATH=/home/leyla/Desktop/camara_ws/build/py_pkg/prefix_override:/usr/lib/python3/dist-packages/colcon_core/task/python/colcon_distutils_commands:/home/leyla/Desktop/camara_ws/install/py_pkg/lib/python3.10/site-packages:${PYTHONPATH} /usr/bin/python3 -W ignore:setup.py install is deprecated -W ignore:easy_install command is deprecated setup.py egg_info --egg-base ../../build/py_pkg build --build-base /home/leyla/Desktop/camara_ws/build/py_pkg/build install --record /home/leyla/Desktop/camara_ws/build/py_pkg/install.log --single-version-externally-managed install_data
